app/build/intermediates/manifest_merge_blame_file/debug/manifest-merger-blame-debug-report.txt
1<?xml version="1.0" encoding="utf-8"?>
2<manifest xmlns:android="http://schemas.android.com/apk/res/android"
3    package="com.example.workoutapp"
4    android:versionCode="1"
5    android:versionName="1.0" >
6
7    <uses-sdk
8        android:minSdkVersion="23"
8-->src\main\AndroidManifest.xml
9        android:targetSdkVersion="33" />
9-->src\main\AndroidManifest.xml
10
11    <permission
11-->[androidx.core:core:1.9.0] AndroidManifest.xml:22:5-24:47
12        android:name="com.example.workoutapp.DYNAMIC_RECEIVER_NOT_EXPORTED_PERMISSION"
12-->[androidx.core:core:1.9.0] AndroidManifest.xml:23:9-81
13        android:protectionLevel="signature" />
13-->[androidx.core:core:1.9.0] AndroidManifest.xml:24:9-44
14
15    <uses-permission android:name="com.example.workoutapp.DYNAMIC_RECEIVER_NOT_EXPORTED_PERMISSION" />
15-->[androidx.core:core:1.9.0] AndroidManifest.xml:26:5-97
15-->[androidx.core:core:1.9.0] AndroidManifest.xml:26:22-94
16
17    <application
17-->src\main\AndroidManifest.xml:5:5-57:19
18        android:name="com.example.workoutapp.WorkoutApp"
18-->src\main\AndroidManifest.xml:6:9-35
19        android:allowBackup="true"
19-->src\main\AndroidManifest.xml:7:9-35
20        android:appComponentFactory="androidx.core.app.CoreComponentFactory"
20-->[androidx.core:core:1.9.0] AndroidManifest.xml:28:18-86
21        android:dataExtractionRules="@xml/data_extraction_rules"
21-->src\main\AndroidManifest.xml:8:9-65
22        android:debuggable="true"
23        android:extractNativeLibs="false"
24        android:fullBackupContent="@xml/backup_rules"
24-->src\main\AndroidManifest.xml:9:9-54
25        android:icon="@mipmap/ic_launcher"
25-->src\main\AndroidManifest.xml:10:9-43
26        android:label="@string/app_name"
26-->src\main\AndroidManifest.xml:11:9-41
27        android:roundIcon="@mipmap/ic_launcher_round"
27-->src\main\AndroidManifest.xml:12:9-54
28        android:supportsRtl="true"
28-->src\main\AndroidManifest.xml:13:9-35
29        android:testOnly="true"
30        android:theme="@style/Theme.WorkoutApp" >
30-->src\main\AndroidManifest.xml:14:9-48
31        <activity
31-->src\main\AndroidManifest.xml:16:9-22:20
32            android:name="com.example.workoutapp.HistoryActivity"
32-->src\main\AndroidManifest.xml:17:13-44
33            android:exported="false" >
33-->src\main\AndroidManifest.xml:18:13-37
34            <meta-data
34-->src\main\AndroidManifest.xml:19:13-21:36
35                android:name="android.app.lib_name"
35-->src\main\AndroidManifest.xml:20:17-52
36                android:value="" />
36-->src\main\AndroidManifest.xml:21:17-33
37        </activity>
38        <activity
38-->src\main\AndroidManifest.xml:23:9-29:20
39            android:name="com.example.workoutapp.BMIActivity"
39-->src\main\AndroidManifest.xml:24:13-40
40            android:exported="false" >
40-->src\main\AndroidManifest.xml:25:13-37
41            <meta-data
41-->src\main\AndroidManifest.xml:19:13-21:36
42                android:name="android.app.lib_name"
42-->src\main\AndroidManifest.xml:20:17-52
43                android:value="" />
43-->src\main\AndroidManifest.xml:21:17-33
44        </activity>
45        <activity
45-->src\main\AndroidManifest.xml:30:9-36:20
46            android:name="com.example.workoutapp.FinishActivity"
46-->src\main\AndroidManifest.xml:31:13-43
47            android:exported="false" >
47-->src\main\AndroidManifest.xml:32:13-37
48            <meta-data
48-->src\main\AndroidManifest.xml:19:13-21:36
49                android:name="android.app.lib_name"
49-->src\main\AndroidManifest.xml:20:17-52
50                android:value="" />
50-->src\main\AndroidManifest.xml:21:17-33
51        </activity>
52        <activity
52-->src\main\AndroidManifest.xml:37:9-43:20
53            android:name="com.example.workoutapp.ExerciseActivity"
53-->src\main\AndroidManifest.xml:38:13-45
54            android:exported="false" >
54-->src\main\AndroidManifest.xml:39:13-37
55            <meta-data
55-->src\main\AndroidManifest.xml:19:13-21:36
56                android:name="android.app.lib_name"
56-->src\main\AndroidManifest.xml:20:17-52
57                android:value="" />
57-->src\main\AndroidManifest.xml:21:17-33
58        </activity>
59        <activity
59-->src\main\AndroidManifest.xml:44:9-56:20
60            android:name="com.example.workoutapp.MainActivity"
60-->src\main\AndroidManifest.xml:45:13-41
61            android:exported="true" >
61-->src\main\AndroidManifest.xml:46:13-36
62            <intent-filter>
62-->src\main\AndroidManifest.xml:47:13-51:29
63                <action android:name="android.intent.action.MAIN" />
63-->src\main\AndroidManifest.xml:48:17-69
63-->src\main\AndroidManifest.xml:48:25-66
64
65                <category android:name="android.intent.category.LAUNCHER" />
65-->src\main\AndroidManifest.xml:50:17-77
65-->src\main\AndroidManifest.xml:50:27-74
66            </intent-filter>
67
68            <meta-data
68-->src\main\AndroidManifest.xml:19:13-21:36
69                android:name="android.app.lib_name"
69-->src\main\AndroidManifest.xml:20:17-52
70                android:value="" />
70-->src\main\AndroidManifest.xml:21:17-33
71        </activity>
72
73        <service
73-->[androidx.room:room-runtime:2.5.0] AndroidManifest.xml:24:9-28:63
74            android:name="androidx.room.MultiInstanceInvalidationService"
74-->[androidx.room:room-runtime:2.5.0] AndroidManifest.xml:25:13-74
75            android:directBootAware="true"
75-->[androidx.room:room-runtime:2.5.0] AndroidManifest.xml:26:13-43
76            android:exported="false" />
76-->[androidx.room:room-runtime:2.5.0] AndroidManifest.xml:27:13-37
77
78        <provider
78-->[androidx.emoji2:emoji2:1.2.0] AndroidManifest.xml:24:9-32:20
79            android:name="androidx.startup.InitializationProvider"
79-->[androidx.emoji2:emoji2:1.2.0] AndroidManifest.xml:25:13-67
80            android:authorities="com.example.workoutapp.androidx-startup"
80-->[androidx.emoji2:emoji2:1.2.0] AndroidManifest.xml:26:13-68
81            android:exported="false" >
81-->[androidx.emoji2:emoji2:1.2.0] AndroidManifest.xml:27:13-37
82            <meta-data
82-->[androidx.emoji2:emoji2:1.2.0] AndroidManifest.xml:29:13-31:52
83                android:name="androidx.emoji2.text.EmojiCompatInitializer"
83-->[androidx.emoji2:emoji2:1.2.0] AndroidManifest.xml:30:17-75
84                android:value="androidx.startup" />
84-->[androidx.emoji2:emoji2:1.2.0] AndroidManifest.xml:31:17-49
85            <meta-data
85-->[androidx.lifecycle:lifecycle-process:2.4.1] AndroidManifest.xml:31:13-33:52
86                android:name="androidx.lifecycle.ProcessLifecycleInitializer"
86-->[androidx.lifecycle:lifecycle-process:2.4.1] AndroidManifest.xml:32:17-78
87                android:value="androidx.startup" />
87-->[androidx.lifecycle:lifecycle-process:2.4.1] AndroidManifest.xml:33:17-49
88        </provider>
89    </application>
90
91</manifest>